my_dir=.
Environment variables:
SEMAFOR_HOME=/home/p262594/Apps/semafor_dev
CLASSPATH=.:/home/p262594/Apps/semafor_dev/target/Semafor-3.0-alpha-04.jar
JAVA_HOME_BIN=/usr/bin
MALT_MODEL_DIR=/home/p262594/Apps/semafor/training/data/retrain_simple
num_threads=14
gc_threads=2
datadir=/home/p262594/Apps/semafor_dev/training/data
id_features=senna
fn_id_req_data_file=/home/p262594/Apps/semafor_dev/training/data/brown128onehot/reqData.jobj
training_dir=/home/p262594/Apps/semafor_dev/training/data/naacl2012_splits
fe_file=/home/p262594/Apps/semafor_dev/training/data/naacl2012_splits/cv.train.sentences.frame.elements
parsed_file=/home/p262594/Apps/semafor_dev/training/data/naacl2012_splits/cv.train.sentences.all.lemma.tags
fe_file_length=15019
alphabet_file=/home/p262594/Apps/semafor_dev/training/data/brown128onehot/alphabet.dat
SCAN_DIR=/home/p262594/Apps/semafor_dev/training/data/brown128onehot/scan
Environment variables:
SEMAFOR_HOME=/home/p262594/Apps/semafor_dev
CLASSPATH=.:/home/p262594/Apps/semafor_dev/target/Semafor-3.0-alpha-04.jar
JAVA_HOME_BIN=/usr/bin
MALT_MODEL_DIR=/home/p262594/Apps/semafor/training/data/retrain_simple
num_threads=14
gc_threads=2
datadir=/home/p262594/Apps/semafor_dev/training/data
id_features=senna
fn_id_req_data_file=/home/p262594/Apps/semafor_dev/training/data/brown128onehot/reqData.jobj
training_dir=/home/p262594/Apps/semafor_dev/training/data/naacl2012_splits
fe_file=/home/p262594/Apps/semafor_dev/training/data/naacl2012_splits/cv.train.sentences.frame.elements
parsed_file=/home/p262594/Apps/semafor_dev/training/data/naacl2012_splits/cv.train.sentences.all.lemma.tags
fe_file_length=15019
alphabet_file=/home/p262594/Apps/semafor_dev/training/data/brown128onehot/alphabet.dat
SCAN_DIR=/home/p262594/Apps/semafor_dev/training/data/brown128onehot/scan

RequiredDataCreation

ln: failed to create symbolic link `/home/p262594/Apps/semafor_dev/training/data/brown128onehot/excludes.map': File exists
ln: failed to create symbolic link `/home/p262594/Apps/semafor_dev/training/data/brown128onehot/framenet.frame.element.map': File exists
ln: failed to create symbolic link `/home/p262594/Apps/semafor_dev/training/data/brown128onehot/requires.map': File exists
ln: failed to create symbolic link `/home/p262594/Apps/semafor_dev/training/data/brown128onehot/reqData.jobj': File exists
ln: failed to create symbolic link `/home/p262594/Apps/semafor_dev/training/data/brown128onehot/*.ser': File exists
ln: failed to create symbolic link `/home/p262594/Apps/semafor_dev/training/data/brown128onehot/parser.conf': File exists
ln: failed to create symbolic link `/home/p262594/Apps/semafor_dev/training/data/brown128onehot/engmalt.linear-1.7.mco': File exists
ln: failed to create symbolic link `/home/p262594/Apps/semafor_dev/training/data/brown128onehot/graph.gz': File exists
ln: failed to create symbolic link `/home/p262594/Apps/semafor_dev/training/data/brown128onehot/sparsegraph.gz': File exists
ln: failed to create symbolic link `/home/p262594/Apps/semafor_dev/training/data/brown128onehot/argmodel.dat': File exists
my_dir=.
Environment variables:
SEMAFOR_HOME=/home/p262594/Apps/semafor_dev
CLASSPATH=.:/home/p262594/Apps/semafor_dev/target/Semafor-3.0-alpha-04.jar
JAVA_HOME_BIN=/usr/bin
MALT_MODEL_DIR=/home/p262594/Apps/semafor/training/data/retrain_simple
num_threads=14
gc_threads=2
datadir=/home/p262594/Apps/semafor_dev/training/data
id_features=senna
fn_id_req_data_file=/home/p262594/Apps/semafor_dev/training/data/brown128onehot/reqData.jobj
training_dir=/home/p262594/Apps/semafor_dev/training/data/naacl2012_splits
fe_file=/home/p262594/Apps/semafor_dev/training/data/naacl2012_splits/cv.train.sentences.frame.elements
parsed_file=/home/p262594/Apps/semafor_dev/training/data/naacl2012_splits/cv.train.sentences.all.lemma.tags
fe_file_length=15019
alphabet_file=/home/p262594/Apps/semafor_dev/training/data/brown128onehot/alphabet.dat
SCAN_DIR=/home/p262594/Apps/semafor_dev/training/data/brown128onehot/scan
Environment variables:
SEMAFOR_HOME=/home/p262594/Apps/semafor_dev
CLASSPATH=.:/home/p262594/Apps/semafor_dev/target/Semafor-3.0-alpha-04.jar
JAVA_HOME_BIN=/usr/bin
MALT_MODEL_DIR=/home/p262594/Apps/semafor/training/data/retrain_simple
num_threads=14
gc_threads=2
datadir=/home/p262594/Apps/semafor_dev/training/data
id_features=senna
fn_id_req_data_file=/home/p262594/Apps/semafor_dev/training/data/brown128onehot/reqData.jobj
training_dir=/home/p262594/Apps/semafor_dev/training/data/naacl2012_splits
fe_file=/home/p262594/Apps/semafor_dev/training/data/naacl2012_splits/cv.train.sentences.frame.elements
parsed_file=/home/p262594/Apps/semafor_dev/training/data/naacl2012_splits/cv.train.sentences.all.lemma.tags
fe_file_length=15019
alphabet_file=/home/p262594/Apps/semafor_dev/training/data/brown128onehot/alphabet.dat
SCAN_DIR=/home/p262594/Apps/semafor_dev/training/data/brown128onehot/scan

RequiredDataCreation

Environment variables:
SEMAFOR_HOME=/home/p262594/Apps/semafor_dev
CLASSPATH=.:/home/p262594/Apps/semafor_dev/target/Semafor-3.0-alpha-04.jar
JAVA_HOME_BIN=/usr/bin
MALT_MODEL_DIR=/home/p262594/Apps/semafor/training/data/retrain_simple
num_threads=14
gc_threads=2
datadir=/home/p262594/Apps/semafor_dev/training/data
id_features=senna
fn_id_req_data_file=/home/p262594/Apps/semafor_dev/training/data/brown128onehot/reqData.jobj
training_dir=/home/p262594/Apps/semafor_dev/training/data/naacl2012_splits
fe_file=/home/p262594/Apps/semafor_dev/training/data/naacl2012_splits/cv.train.sentences.frame.elements
parsed_file=/home/p262594/Apps/semafor_dev/training/data/naacl2012_splits/cv.train.sentences.all.lemma.tags
fe_file_length=15019
alphabet_file=/home/p262594/Apps/semafor_dev/training/data/brown128onehot/alphabet.dat
SCAN_DIR=/home/p262594/Apps/semafor_dev/training/data/brown128onehot/scan

step 3.1: Creating alphabet
train-fefile:/home/p262594/Apps/semafor_dev/training/data/naacl2012_splits/cv.train.sentences.frame.elements
train-parsefile:/home/p262594/Apps/semafor_dev/training/data/naacl2012_splits/cv.train.sentences.all.lemma.tags
fnidreqdatafile:/home/p262594/Apps/semafor_dev/training/data/brown128onehot/reqData.jobj
logoutputfile:/home/p262594/Apps/semafor_dev/training/data/brown128onehot/log
model:/home/p262594/Apps/semafor_dev/training/data/brown128onehot
id-feature-extractor-type:senna
startindex:0
endindex:15019
numthreads:14
senna
wordreps/brown128onehot.vocab
wordreps/brown128onehot.txt
Environment variables:
SEMAFOR_HOME=/home/p262594/Apps/semafor_dev
CLASSPATH=.:/home/p262594/Apps/semafor_dev/target/Semafor-3.0-alpha-04.jar
JAVA_HOME_BIN=/usr/bin
MALT_MODEL_DIR=/home/p262594/Apps/semafor/training/data/retrain_simple
num_threads=14
gc_threads=2
datadir=/home/p262594/Apps/semafor_dev/training/data
id_features=senna
fn_id_req_data_file=/home/p262594/Apps/semafor_dev/training/data/brown128onehot/reqData.jobj
training_dir=/home/p262594/Apps/semafor_dev/training/data/naacl2012_splits
fe_file=/home/p262594/Apps/semafor_dev/training/data/naacl2012_splits/cv.train.sentences.frame.elements
parsed_file=/home/p262594/Apps/semafor_dev/training/data/naacl2012_splits/cv.train.sentences.all.lemma.tags
fe_file_length=15019
alphabet_file=/home/p262594/Apps/semafor_dev/training/data/brown128onehot/alphabet.dat
SCAN_DIR=/home/p262594/Apps/semafor_dev/training/data/brown128onehot/scan

step 3.2: creating feature events for each datapoint

train-fefile:/home/p262594/Apps/semafor_dev/training/data/naacl2012_splits/cv.train.sentences.frame.elements
train-parsefile:/home/p262594/Apps/semafor_dev/training/data/naacl2012_splits/cv.train.sentences.all.lemma.tags
fnidreqdatafile:/home/p262594/Apps/semafor_dev/training/data/brown128onehot/reqData.jobj
logoutputfile:/home/p262594/Apps/semafor_dev/training/data/brown128onehot/log
model:/home/p262594/Apps/semafor_dev/training/data/brown128onehot/alphabet.dat
id-feature-extractor-type:senna
eventsfile:/home/p262594/Apps/semafor_dev/training/data/brown128onehot/events
startindex:0
endindex:15019
numthreads:14
senna
wordreps/brown128onehot.vocab
wordreps/brown128onehot.txt

step 3.3: training the frame identification model.

Environment variables:
SEMAFOR_HOME=/home/p262594/Apps/semafor_dev
CLASSPATH=.:/home/p262594/Apps/semafor_dev/target/Semafor-3.0-alpha-04.jar
JAVA_HOME_BIN=/usr/bin
MALT_MODEL_DIR=/home/p262594/Apps/semafor/training/data/retrain_simple
num_threads=14
gc_threads=2
datadir=/home/p262594/Apps/semafor_dev/training/data
id_features=senna
fn_id_req_data_file=/home/p262594/Apps/semafor_dev/training/data/brown128onehot/reqData.jobj
training_dir=/home/p262594/Apps/semafor_dev/training/data/naacl2012_splits
fe_file=/home/p262594/Apps/semafor_dev/training/data/naacl2012_splits/cv.train.sentences.frame.elements
parsed_file=/home/p262594/Apps/semafor_dev/training/data/naacl2012_splits/cv.train.sentences.all.lemma.tags
fe_file_length=15019
alphabet_file=/home/p262594/Apps/semafor_dev/training/data/brown128onehot/alphabet.dat
SCAN_DIR=/home/p262594/Apps/semafor_dev/training/data/brown128onehot/scan
alphabetfile:/home/p262594/Apps/semafor_dev/training/data/brown128onehot/alphabet.dat
eventsfile:/home/p262594/Apps/semafor_dev/training/data/brown128onehot/events
model:/home/p262594/Apps/semafor_dev/training/data/brown128onehot/idmodel.dat
regularization:l1
lambda:1.0
restartfile:null
logoutputfile:/home/p262594/Apps/semafor_dev/training/data/brown128onehot/log
numthreads:14
use-partial-credit:true
cost-multiple:5
*************************************************
  n = 4924355   number of corrections = 6
       initial values
 f =  169231.47612140424   gnorm =  2487.642107156301
*************************************************
	i	nfn	func	gnorm	steplength
24-feb-2015 22:14:45 edu.cmu.cs.lti.ark.fn.optimization.Lbfgs trainAndSaveModel
INFO: Finished LBFGS step. Took 0.462 seconds.
24-feb-2015 22:20:36 edu.cmu.cs.lti.ark.fn.optimization.Lbfgs trainAndSaveModel
INFO: Finished LBFGS step. Took 0.096 seconds.
	1	3	157901.48119331416	2248.24755853521	0.0020099354266501185
24-feb-2015 22:26:33 edu.cmu.cs.lti.ark.fn.optimization.Lbfgs trainAndSaveModel
INFO: Finished LBFGS step. Took 0.485 seconds.
24-feb-2015 22:32:19 edu.cmu.cs.lti.ark.fn.optimization.Lbfgs trainAndSaveModel
INFO: Finished LBFGS step. Took 0.034 seconds.
	2	5	143240.73144820402	3387.3847341055425	0.15439844349282542
24-feb-2015 22:38:15 edu.cmu.cs.lti.ark.fn.optimization.Lbfgs trainAndSaveModel
INFO: Finished LBFGS step. Took 0.362 seconds.
	3	6	134215.5405810823	2507.663682619867	1.0
24-feb-2015 22:44:16 edu.cmu.cs.lti.ark.fn.optimization.Lbfgs trainAndSaveModel
INFO: Finished LBFGS step. Took 0.402 seconds.
	4	7	128426.98104242045	2021.7646246242682	1.0
24-feb-2015 22:49:58 edu.cmu.cs.lti.ark.fn.optimization.Lbfgs trainAndSaveModel
INFO: Finished LBFGS step. Took 0.458 seconds.
	5	8	121207.56951961179	1880.3945473085964	1.0
24-feb-2015 22:56:06 edu.cmu.cs.lti.ark.fn.optimization.Lbfgs trainAndSaveModel
INFO: Finished LBFGS step. Took 0.531 seconds.
	6	9	115195.26131810948	2083.5278170413653	1.0
24-feb-2015 23:02:15 edu.cmu.cs.lti.ark.fn.optimization.Lbfgs trainAndSaveModel
INFO: Finished LBFGS step. Took 0.63 seconds.
	7	10	108489.96703239827	1304.6122130817464	1.0
24-feb-2015 23:08:31 edu.cmu.cs.lti.ark.fn.optimization.Lbfgs trainAndSaveModel
INFO: Finished LBFGS step. Took 0.599 seconds.
	8	11	103403.99205511784	1033.2808563098047	1.0
24-feb-2015 23:14:41 edu.cmu.cs.lti.ark.fn.optimization.Lbfgs trainAndSaveModel
INFO: Finished LBFGS step. Took 0.61 seconds.
	9	12	98893.54184348442	1204.6743335664255	1.0
24-feb-2015 23:20:36 edu.cmu.cs.lti.ark.fn.optimization.Lbfgs trainAndSaveModel
INFO: Finished LBFGS step. Took 0.591 seconds.
	10	13	97865.91678511183	1100.0641743408232	1.0
24-feb-2015 23:26:33 edu.cmu.cs.lti.ark.fn.optimization.Lbfgs trainAndSaveModel
INFO: Finished LBFGS step. Took 0.614 seconds.
	11	14	94264.89608566805	847.4034657294955	1.0
24-feb-2015 23:32:30 edu.cmu.cs.lti.ark.fn.optimization.Lbfgs trainAndSaveModel
INFO: Finished LBFGS step. Took 0.615 seconds.
	12	15	90272.28239661266	836.8008290964092	1.0
24-feb-2015 23:38:31 edu.cmu.cs.lti.ark.fn.optimization.Lbfgs trainAndSaveModel
INFO: Finished LBFGS step. Took 0.599 seconds.
	13	16	87976.93170833704	799.2538269931227	1.0
24-feb-2015 23:44:36 edu.cmu.cs.lti.ark.fn.optimization.Lbfgs trainAndSaveModel
INFO: Finished LBFGS step. Took 0.656 seconds.
	14	17	86606.76581297968	594.1123351952173	1.0
24-feb-2015 23:50:32 edu.cmu.cs.lti.ark.fn.optimization.Lbfgs trainAndSaveModel
INFO: Finished LBFGS step. Took 0.946 seconds.
	15	18	85390.21663762475	513.0601664876987	1.0
24-feb-2015 23:56:49 edu.cmu.cs.lti.ark.fn.optimization.Lbfgs trainAndSaveModel
INFO: Finished LBFGS step. Took 0.643 seconds.
	16	19	85388.55769309797	1240.8669114544548	1.0
25-feb-2015 0:02:55 edu.cmu.cs.lti.ark.fn.optimization.Lbfgs trainAndSaveModel
INFO: Finished LBFGS step. Took 0.589 seconds.
	17	20	84881.29357502233	593.2828945413681	1.0
25-feb-2015 0:08:48 edu.cmu.cs.lti.ark.fn.optimization.Lbfgs trainAndSaveModel
INFO: Finished LBFGS step. Took 0.59 seconds.
	18	21	83704.35554574247	435.9143072918775	1.0
25-feb-2015 0:14:48 edu.cmu.cs.lti.ark.fn.optimization.Lbfgs trainAndSaveModel
INFO: Finished LBFGS step. Took 0.585 seconds.
	19	22	82492.37871551697	445.1178155076153	1.0
25-feb-2015 0:20:37 edu.cmu.cs.lti.ark.fn.optimization.Lbfgs trainAndSaveModel
INFO: Finished LBFGS step. Took 0.567 seconds.
	20	23	82255.83262270376	379.62843040102723	1.0
25-feb-2015 0:26:26 edu.cmu.cs.lti.ark.fn.optimization.Lbfgs trainAndSaveModel
INFO: Finished LBFGS step. Took 0.566 seconds.
25-feb-2015 0:32:23 edu.cmu.cs.lti.ark.fn.optimization.Lbfgs trainAndSaveModel
INFO: Finished LBFGS step. Took 0.033 seconds.
	21	25	82253.4051425475	352.3603547697594	0.19639923533621184
25-feb-2015 0:38:19 edu.cmu.cs.lti.ark.fn.optimization.Lbfgs trainAndSaveModel
INFO: Finished LBFGS step. Took 0.589 seconds.
25-feb-2015 0:44:19 edu.cmu.cs.lti.ark.fn.optimization.Lbfgs trainAndSaveModel
INFO: Finished LBFGS step. Took 0.033 seconds.
	22	27	82240.18563460925	333.6103455245607	0.20572011048799801
25-feb-2015 0:50:16 edu.cmu.cs.lti.ark.fn.optimization.Lbfgs trainAndSaveModel
INFO: Finished LBFGS step. Took 0.587 seconds.
25-feb-2015 0:56:05 edu.cmu.cs.lti.ark.fn.optimization.Lbfgs trainAndSaveModel
INFO: Finished LBFGS step. Took 0.035 seconds.
	23	29	82223.29249042693	363.01236189419603	0.18342424304320093
25-feb-2015 1:02:00 edu.cmu.cs.lti.ark.fn.optimization.Lbfgs trainAndSaveModel
INFO: Finished LBFGS step. Took 1.092 seconds.
25-feb-2015 1:08:01 edu.cmu.cs.lti.ark.fn.optimization.Lbfgs trainAndSaveModel
INFO: Finished LBFGS step. Took 0.066 seconds.
	24	31	82221.05438076501	331.7107566414691	0.20227540241205105
25-feb-2015 1:14:05 edu.cmu.cs.lti.ark.fn.optimization.Lbfgs trainAndSaveModel
INFO: Finished LBFGS step. Took 0.601 seconds.
25-feb-2015 1:20:00 edu.cmu.cs.lti.ark.fn.optimization.Lbfgs trainAndSaveModel
INFO: Finished LBFGS step. Took 0.034 seconds.
25-feb-2015 1:25:58 edu.cmu.cs.lti.ark.fn.optimization.Lbfgs trainAndSaveModel
INFO: Finished LBFGS step. Took 0.036 seconds.
25-feb-2015 1:31:44 edu.cmu.cs.lti.ark.fn.optimization.Lbfgs trainAndSaveModel
INFO: Finished LBFGS step. Took 0.034 seconds.
	25	35	82213.27355712146	308.0171927632668	0.14926072506487495
25-feb-2015 1:37:30 edu.cmu.cs.lti.ark.fn.optimization.Lbfgs trainAndSaveModel
INFO: Finished LBFGS step. Took 0.585 seconds.
25-feb-2015 1:43:09 edu.cmu.cs.lti.ark.fn.optimization.Lbfgs trainAndSaveModel
INFO: Finished LBFGS step. Took 0.034 seconds.
	26	37	82157.15671816922	303.97160416353944	0.17835636203411706
25-feb-2015 1:48:50 edu.cmu.cs.lti.ark.fn.optimization.Lbfgs trainAndSaveModel
INFO: Finished LBFGS step. Took 0.583 seconds.
25-feb-2015 1:54:32 edu.cmu.cs.lti.ark.fn.optimization.Lbfgs trainAndSaveModel
INFO: Finished LBFGS step. Took 0.035 seconds.
25-feb-2015 2:00:15 edu.cmu.cs.lti.ark.fn.optimization.Lbfgs trainAndSaveModel
INFO: Finished LBFGS step. Took 0.034 seconds.
25-feb-2015 2:06:00 edu.cmu.cs.lti.ark.fn.optimization.Lbfgs trainAndSaveModel
INFO: Finished LBFGS step. Took 0.035 seconds.
	27	41	82156.98746953617	270.1396462560331	0.1447562102669465
25-feb-2015 2:11:56 edu.cmu.cs.lti.ark.fn.optimization.Lbfgs trainAndSaveModel
INFO: Finished LBFGS step. Took 0.586 seconds.
25-feb-2015 2:17:58 edu.cmu.cs.lti.ark.fn.optimization.Lbfgs trainAndSaveModel
INFO: Finished LBFGS step. Took 0.069 seconds.
25-feb-2015 2:24:30 edu.cmu.cs.lti.ark.fn.optimization.Lbfgs trainAndSaveModel
INFO: Finished LBFGS step. Took 0.068 seconds.
25-feb-2015 2:30:12 edu.cmu.cs.lti.ark.fn.optimization.Lbfgs trainAndSaveModel
INFO: Finished LBFGS step. Took 0.035 seconds.
25-feb-2015 2:36:00 edu.cmu.cs.lti.ark.fn.optimization.Lbfgs trainAndSaveModel
INFO: Finished LBFGS step. Took 0.034 seconds.
25-feb-2015 2:41:54 edu.cmu.cs.lti.ark.fn.optimization.Lbfgs trainAndSaveModel
INFO: Finished LBFGS step. Took 0.082 seconds.
25-feb-2015 2:47:27 edu.cmu.cs.lti.ark.fn.optimization.Lbfgs trainAndSaveModel
INFO: Finished LBFGS step. Took 0.072 seconds.
25-feb-2015 2:53:09 edu.cmu.cs.lti.ark.fn.optimization.Lbfgs trainAndSaveModel
INFO: Finished LBFGS step. Took 0.034 seconds.
25-feb-2015 2:58:59 edu.cmu.cs.lti.ark.fn.optimization.Lbfgs trainAndSaveModel
INFO: Finished LBFGS step. Took 0.068 seconds.
25-feb-2015 3:04:39 edu.cmu.cs.lti.ark.fn.optimization.Lbfgs trainAndSaveModel
INFO: Finished LBFGS step. Took 0.034 seconds.
25-feb-2015 3:10:43 edu.cmu.cs.lti.ark.fn.optimization.Lbfgs trainAndSaveModel
INFO: Finished LBFGS step. Took 0.036 seconds.
25-feb-2015 3:16:40 edu.cmu.cs.lti.ark.fn.optimization.Lbfgs trainAndSaveModel
INFO: Finished LBFGS step. Took 0.034 seconds.
25-feb-2015 3:22:33 edu.cmu.cs.lti.ark.fn.optimization.Lbfgs trainAndSaveModel
INFO: Finished LBFGS step. Took 0.033 seconds.
25-feb-2015 3:28:25 edu.cmu.cs.lti.ark.fn.optimization.Lbfgs trainAndSaveModel
INFO: Finished LBFGS step. Took 0.037 seconds.
25-feb-2015 3:34:15 edu.cmu.cs.lti.ark.fn.optimization.Lbfgs trainAndSaveModel
INFO: Finished LBFGS step. Took 0.034 seconds.
25-feb-2015 3:40:05 edu.cmu.cs.lti.ark.fn.optimization.Lbfgs trainAndSaveModel
INFO: Finished LBFGS step. Took 0.032 seconds.
25-feb-2015 3:45:41 edu.cmu.cs.lti.ark.fn.optimization.Lbfgs trainAndSaveModel
INFO: Finished LBFGS step. Took 0.069 seconds.
25-feb-2015 3:51:23 edu.cmu.cs.lti.ark.fn.optimization.Lbfgs trainAndSaveModel
INFO: Finished LBFGS step. Took 0.068 seconds.
25-feb-2015 3:57:05 edu.cmu.cs.lti.ark.fn.optimization.Lbfgs trainAndSaveModel
INFO: Finished LBFGS step. Took 0.068 seconds.
25-feb-2015 4:02:52 edu.cmu.cs.lti.ark.fn.optimization.Lbfgs trainAndSaveModel
INFO: Finished LBFGS step. Took 0.068 seconds.
Line search failed. See documentation of routine mcsrch. Error return of line search: info = 3 Possible causes: function or gradient are incorrect, or incorrect tolerances. (iflag == -1)
	at riso.numerical.LBFGS.lbfgs(LBFGS.java:454)
	at edu.cmu.cs.lti.ark.fn.optimization.Lbfgs.trainAndSaveModel(Lbfgs.java:61)
	at edu.cmu.cs.lti.ark.fn.identification.training.TrainBatch.trainModel(TrainBatch.java:143)
	at edu.cmu.cs.lti.ark.fn.identification.training.TrainBatch.main(TrainBatch.java:107)
Environment variables:
SEMAFOR_HOME=/home/p262594/Apps/semafor_dev
CLASSPATH=.:/home/p262594/Apps/semafor_dev/target/Semafor-3.0-alpha-04.jar
JAVA_HOME_BIN=/usr/bin
MALT_MODEL_DIR=/home/p262594/Apps/semafor/training/data/retrain_simple
num_threads=14
gc_threads=2
datadir=/home/p262594/Apps/semafor_dev/training/data
id_features=senna
fn_id_req_data_file=/home/p262594/Apps/semafor_dev/training/data/brown128onehot/reqData.jobj
training_dir=/home/p262594/Apps/semafor_dev/training/data/naacl2012_splits
fe_file=/home/p262594/Apps/semafor_dev/training/data/naacl2012_splits/cv.train.sentences.frame.elements
parsed_file=/home/p262594/Apps/semafor_dev/training/data/naacl2012_splits/cv.train.sentences.all.lemma.tags
fe_file_length=15019
alphabet_file=/home/p262594/Apps/semafor_dev/training/data/brown128onehot/alphabet.dat
SCAN_DIR=/home/p262594/Apps/semafor_dev/training/data/brown128onehot/scan

Combining alphabet file with learned params for Frame IDing
Using model file: /home/p262594/Apps/semafor_dev/training/data/brown128onehot/idmodel.dat_00060

